生成启动时间为 2018/9/20 12:33:12。
     1>项目“C:\Users\Administrator\Desktop\c++\作业\随机取数\随机取数\随机取数.vcxproj”在节点 2 上(build 个目标)。
     1>InitializeBuildStatus:
         正在创建“Debug\随机取数.unsuccessfulbuild”，因为已指定“AlwaysCreate”。
       ClCompile:
         F:\c++\VC\bin\CL.exe /c /ZI /nologo /W3 /WX- /Od /Oy- /D WIN32 /D _DEBUG /D _CONSOLE /D _UNICODE /D UNICODE /Gm /EHsc /RTC1 /MDd /GS /fp:precise /Zc:wchar_t /Zc:forScope /Fo"Debug\\" /Fd"Debug\vc100.pdb" /Gd /TC /analyze- /errorReport:prompt suijiqushu.c
         suijiqushu.c
     1>c:\users\administrator\desktop\c++\作业\随机取数\随机取数\suijiqushu.c(7): warning C4244: “函数”: 从“time_t”转换到“unsigned int”，可能丢失数据
       ManifestResourceCompile:
         所有输出均为最新。
       Link:
         F:\c++\VC\bin\link.exe /ERRORREPORT:PROMPT /OUT:"C:\Users\Administrator\Desktop\c++\作业\随机取数\Debug\随机取数.exe" /INCREMENTAL /NOLOGO kernel32.lib user32.lib gdi32.lib winspool.lib comdlg32.lib advapi32.lib shell32.lib ole32.lib oleaut32.lib uuid.lib odbc32.lib odbccp32.lib /MANIFEST /ManifestFile:"Debug\随机取数.exe.intermediate.manifest" /MANIFESTUAC:"level='asInvoker' uiAccess='false'" /DEBUG /PDB:"C:\Users\Administrator\Desktop\c++\作业\随机取数\Debug\随机取数.pdb" /SUBSYSTEM:CONSOLE /TLBID:1 /DYNAMICBASE /NXCOMPAT /IMPLIB:"C:\Users\Administrator\Desktop\c++\作业\随机取数\Debug\随机取数.lib" /MACHINE:X86 "Debug\随机取数.exe.embed.manifest.res"
         Debug\suijiqushu.obj
       Manifest:
         c:\Program Files (x86)\Microsoft SDKs\Windows\v7.0A\bin\mt.exe /nologo /verbose /out:"Debug\随机取数.exe.embed.manifest" /manifest "Debug\随机取数.exe.intermediate.manifest"
         所有输出均为最新。
       LinkEmbedManifest:
         所有输出均为最新。
         随机取数.vcxproj -> C:\Users\Administrator\Desktop\c++\作业\随机取数\Debug\随机取数.exe
       FinalizeBuildStatus:
         正在删除文件“Debug\随机取数.unsuccessfulbuild”。
         正在对“Debug\随机取数.lastbuildstate”执行 Touch 任务。
     1>已完成生成项目“C:\Users\Administrator\Desktop\c++\作业\随机取数\随机取数\随机取数.vcxproj”(build 个目标)的操作。

生成成功。

已用时间 00:00:01.37
