Build started 2018/4/20 12:27:02.
     1>Project "C:\Users\Administrator\Desktop\c++\作业\米\米\米.vcxproj" on node 2 (build target(s)).
     1>InitializeBuildStatus:
         Creating "Debug\米.unsuccessfulbuild" because "AlwaysCreate" was specified.
       ClCompile:
         F:\c++\VC\bin\CL.exe /c /ZI /nologo /W3 /WX- /Od /Oy- /D WIN32 /D _DEBUG /D _CONSOLE /D _UNICODE /D UNICODE /Gm /EHsc /RTC1 /MDd /GS /fp:precise /Zc:wchar_t /Zc:forScope /Fo"Debug\\" /Fd"Debug\vc100.pdb" /Gd /TC /analyze- /errorReport:prompt mi.c
         mi.c
     1>c:\users\administrator\desktop\c++\作业\米\米\mi.c(16): warning C4013: 'getch' undefined; assuming extern returning int
       ManifestResourceCompile:
         All outputs are up-to-date.
       Link:
         F:\c++\VC\bin\link.exe /ERRORREPORT:PROMPT /OUT:"C:\Users\Administrator\Desktop\c++\作业\米\Debug\米.exe" /INCREMENTAL /NOLOGO kernel32.lib user32.lib gdi32.lib winspool.lib comdlg32.lib advapi32.lib shell32.lib ole32.lib oleaut32.lib uuid.lib odbc32.lib odbccp32.lib /MANIFEST /ManifestFile:"Debug\米.exe.intermediate.manifest" /MANIFESTUAC:"level='asInvoker' uiAccess='false'" /DEBUG /PDB:"C:\Users\Administrator\Desktop\c++\作业\米\Debug\米.pdb" /SUBSYSTEM:CONSOLE /TLBID:1 /DYNAMICBASE /NXCOMPAT /IMPLIB:"C:\Users\Administrator\Desktop\c++\作业\米\Debug\米.lib" /MACHINE:X86 "Debug\米.exe.embed.manifest.res"
         Debug\mi.obj
       Manifest:
         C:\Program Files (x86)\Microsoft SDKs\Windows\v7.0A\bin\mt.exe /nologo /verbose /out:"Debug\米.exe.embed.manifest" /manifest "Debug\米.exe.intermediate.manifest"
         All outputs are up-to-date.
       LinkEmbedManifest:
         All outputs are up-to-date.
         米.vcxproj -> C:\Users\Administrator\Desktop\c++\作业\米\Debug\米.exe
       FinalizeBuildStatus:
         Deleting file "Debug\米.unsuccessfulbuild".
         Touching "Debug\米.lastbuildstate".
     1>Done Building Project "C:\Users\Administrator\Desktop\c++\作业\米\米\米.vcxproj" (build target(s)).

Build succeeded.

Time Elapsed 00:00:00.72
