生成启动时间为 2018/5/4 9:43:30。
     1>项目“C:\Users\Administrator\Desktop\c++\作业\100-999能被3整除的数\100-999能被3整除的数\100-999能被3整除的数.vcxproj”在节点 2 上(build 个目标)。
     1>InitializeBuildStatus:
         正在创建“Debug\100-999能被3整除的数.unsuccessfulbuild”，因为已指定“AlwaysCreate”。
       ClCompile:
         F:\c++\VC\bin\CL.exe /c /ZI /nologo /W3 /WX- /Od /Oy- /D WIN32 /D _DEBUG /D _CONSOLE /D _UNICODE /D UNICODE /Gm /EHsc /RTC1 /MDd /GS /fp:precise /Zc:wchar_t /Zc:forScope /Fo"Debug\\" /Fd"Debug\vc100.pdb" /Gd /TC /analyze- /errorReport:prompt "被3整除.c"
         被3整除.c
       ManifestResourceCompile:
         所有输出均为最新。
       Link:
         F:\c++\VC\bin\link.exe /ERRORREPORT:PROMPT /OUT:"C:\Users\Administrator\Desktop\c++\作业\100-999能被3整除的数\Debug\100-999能被3整除的数.exe" /INCREMENTAL /NOLOGO kernel32.lib user32.lib gdi32.lib winspool.lib comdlg32.lib advapi32.lib shell32.lib ole32.lib oleaut32.lib uuid.lib odbc32.lib odbccp32.lib /MANIFEST /ManifestFile:"Debug\100-999能被3整除的数.exe.intermediate.manifest" /MANIFESTUAC:"level='asInvoker' uiAccess='false'" /DEBUG /PDB:"C:\Users\Administrator\Desktop\c++\作业\100-999能被3整除的数\Debug\100-999能被3整除的数.pdb" /SUBSYSTEM:CONSOLE /TLBID:1 /DYNAMICBASE /NXCOMPAT /IMPLIB:"C:\Users\Administrator\Desktop\c++\作业\100-999能被3整除的数\Debug\100-999能被3整除的数.lib" /MACHINE:X86 "Debug\100-999能被3整除的数.exe.embed.manifest.res"
         "Debug\被3整除.obj"
       Manifest:
         c:\Program Files (x86)\Microsoft SDKs\Windows\v7.0A\bin\mt.exe /nologo /verbose /out:"Debug\100-999能被3整除的数.exe.embed.manifest" /manifest "Debug\100-999能被3整除的数.exe.intermediate.manifest"
         所有输出均为最新。
       LinkEmbedManifest:
         所有输出均为最新。
         100-999能被3整除的数.vcxproj -> C:\Users\Administrator\Desktop\c++\作业\100-999能被3整除的数\Debug\100-999能被3整除的数.exe
       FinalizeBuildStatus:
         正在删除文件“Debug\100-999能被3整除的数.unsuccessfulbuild”。
         正在对“Debug\100-999能被3整除的数.lastbuildstate”执行 Touch 任务。
     1>已完成生成项目“C:\Users\Administrator\Desktop\c++\作业\100-999能被3整除的数\100-999能被3整除的数\100-999能被3整除的数.vcxproj”(build 个目标)的操作。

生成成功。

已用时间 00:00:00.43
