Build started 4/13/2018 12:42:01 PM.
     1>Project "C:\Users\Administrator\Desktop\c++\作业\鸡兔同笼\鸡兔同笼\鸡兔同笼.vcxproj" on node 2 (build target(s)).
     1>InitializeBuildStatus:
         Creating "Debug\鸡兔同笼.unsuccessfulbuild" because "AlwaysCreate" was specified.
       ClCompile:
         F:\c++\VC\bin\CL.exe /c /ZI /nologo /W3 /WX- /Od /Oy- /D WIN32 /D _DEBUG /D _CONSOLE /D _UNICODE /D UNICODE /Gm /EHsc /RTC1 /MDd /GS /fp:precise /Zc:wchar_t /Zc:forScope /Fo"Debug\\" /Fd"Debug\vc100.pdb" /Gd /TC /analyze- /errorReport:prompt "jitu tonglong.c"
         jitu tonglong.c
     1>c:\users\administrator\desktop\c++\作业\鸡兔同笼\鸡兔同笼\jitu tonglong.c(6): warning C4996: 'scanf': This function or variable may be unsafe. Consider using scanf_s instead. To disable deprecation, use _CRT_SECURE_NO_WARNINGS. See online help for details.
                 f:\c++\vc\include\stdio.h(304) : see declaration of 'scanf'
     1>c:\users\administrator\desktop\c++\作业\鸡兔同笼\鸡兔同笼\jitu tonglong.c(9): warning C4996: 'scanf': This function or variable may be unsafe. Consider using scanf_s instead. To disable deprecation, use _CRT_SECURE_NO_WARNINGS. See online help for details.
                 f:\c++\vc\include\stdio.h(304) : see declaration of 'scanf'
       ManifestResourceCompile:
         All outputs are up-to-date.
       Link:
         F:\c++\VC\bin\link.exe /ERRORREPORT:PROMPT /OUT:"C:\Users\Administrator\Desktop\c++\作业\鸡兔同笼\Debug\鸡兔同笼.exe" /INCREMENTAL /NOLOGO kernel32.lib user32.lib gdi32.lib winspool.lib comdlg32.lib advapi32.lib shell32.lib ole32.lib oleaut32.lib uuid.lib odbc32.lib odbccp32.lib /MANIFEST /ManifestFile:"Debug\鸡兔同笼.exe.intermediate.manifest" /MANIFESTUAC:"level='asInvoker' uiAccess='false'" /DEBUG /PDB:"C:\Users\Administrator\Desktop\c++\作业\鸡兔同笼\Debug\鸡兔同笼.pdb" /SUBSYSTEM:CONSOLE /TLBID:1 /DYNAMICBASE /NXCOMPAT /IMPLIB:"C:\Users\Administrator\Desktop\c++\作业\鸡兔同笼\Debug\鸡兔同笼.lib" /MACHINE:X86 "Debug\鸡兔同笼.exe.embed.manifest.res"
         "Debug\jitu tonglong.obj"
       Manifest:
         C:\Program Files (x86)\Microsoft SDKs\Windows\v7.0A\bin\mt.exe /nologo /verbose /out:"Debug\鸡兔同笼.exe.embed.manifest" /manifest "Debug\鸡兔同笼.exe.intermediate.manifest"
         All outputs are up-to-date.
       LinkEmbedManifest:
         All outputs are up-to-date.
         鸡兔同笼.vcxproj -> C:\Users\Administrator\Desktop\c++\作业\鸡兔同笼\Debug\鸡兔同笼.exe
       FinalizeBuildStatus:
         Deleting file "Debug\鸡兔同笼.unsuccessfulbuild".
         Touching "Debug\鸡兔同笼.lastbuildstate".
     1>Done Building Project "C:\Users\Administrator\Desktop\c++\作业\鸡兔同笼\鸡兔同笼\鸡兔同笼.vcxproj" (build target(s)).

Build succeeded.

Time Elapsed 00:00:00.36
