生成启动时间为 2018/9/15 12:25:04。
     1>项目“C:\Users\Administrator\Desktop\c++\好玩\贪吃蛇\贪吃蛇\贪吃蛇.vcxproj”在节点 2 上(build 个目标)。
     1>InitializeBuildStatus:
         正在创建“Debug\贪吃蛇.unsuccessfulbuild”，因为已指定“AlwaysCreate”。
       ClCompile:
         F:\c++\VC\bin\CL.exe /c /ZI /nologo /W3 /WX- /Od /Oy- /D WIN32 /D _DEBUG /D _CONSOLE /D _UNICODE /D UNICODE /Gm /EHsc /RTC1 /MDd /GS /fp:precise /Zc:wchar_t /Zc:forScope /Fo"Debug\\" /Fd"Debug\vc100.pdb" /Gd /TC /analyze- /errorReport:prompt "贪吃蛇.c"
         贪吃蛇.c
     1>c:\users\administrator\desktop\c++\好玩\贪吃蛇\贪吃蛇\贪吃蛇.c(56): warning C4996: 'getch': The POSIX name for this item is deprecated. Instead, use the ISO C++ conformant name: _getch. See online help for details.
                 f:\c++\vc\include\conio.h(128) : 参见“getch”的声明
     1>c:\users\administrator\desktop\c++\好玩\贪吃蛇\贪吃蛇\贪吃蛇.c(65): warning C4244: “函数”: 从“time_t”转换到“unsigned int”，可能丢失数据
     1>c:\users\administrator\desktop\c++\好玩\贪吃蛇\贪吃蛇\贪吃蛇.c(105): warning C4244: “函数”: 从“time_t”转换到“unsigned int”，可能丢失数据
     1>c:\users\administrator\desktop\c++\好玩\贪吃蛇\贪吃蛇\贪吃蛇.c(119): warning C4996: 'kbhit': The POSIX name for this item is deprecated. Instead, use the ISO C++ conformant name: _kbhit. See online help for details.
                 f:\c++\vc\include\conio.h(130) : 参见“kbhit”的声明
     1>c:\users\administrator\desktop\c++\好玩\贪吃蛇\贪吃蛇\贪吃蛇.c(120): warning C4996: 'getch': The POSIX name for this item is deprecated. Instead, use the ISO C++ conformant name: _getch. See online help for details.
                 f:\c++\vc\include\conio.h(128) : 参见“getch”的声明
       ManifestResourceCompile:
         所有输出均为最新。
       Link:
         F:\c++\VC\bin\link.exe /ERRORREPORT:PROMPT /OUT:"C:\Users\Administrator\Desktop\c++\好玩\贪吃蛇\Debug\贪吃蛇.exe" /INCREMENTAL /NOLOGO kernel32.lib user32.lib gdi32.lib winspool.lib comdlg32.lib advapi32.lib shell32.lib ole32.lib oleaut32.lib uuid.lib odbc32.lib odbccp32.lib /MANIFEST /ManifestFile:"Debug\贪吃蛇.exe.intermediate.manifest" /MANIFESTUAC:"level='asInvoker' uiAccess='false'" /DEBUG /PDB:"C:\Users\Administrator\Desktop\c++\好玩\贪吃蛇\Debug\贪吃蛇.pdb" /SUBSYSTEM:CONSOLE /TLBID:1 /DYNAMICBASE /NXCOMPAT /IMPLIB:"C:\Users\Administrator\Desktop\c++\好玩\贪吃蛇\Debug\贪吃蛇.lib" /MACHINE:X86 "Debug\贪吃蛇.exe.embed.manifest.res"
         "Debug\贪吃蛇.obj"
       Manifest:
         c:\Program Files (x86)\Microsoft SDKs\Windows\v7.0A\bin\mt.exe /nologo /verbose /out:"Debug\贪吃蛇.exe.embed.manifest" /manifest "Debug\贪吃蛇.exe.intermediate.manifest"
         所有输出均为最新。
       LinkEmbedManifest:
         所有输出均为最新。
         贪吃蛇.vcxproj -> C:\Users\Administrator\Desktop\c++\好玩\贪吃蛇\Debug\贪吃蛇.exe
       FinalizeBuildStatus:
         正在删除文件“Debug\贪吃蛇.unsuccessfulbuild”。
         正在对“Debug\贪吃蛇.lastbuildstate”执行 Touch 任务。
     1>已完成生成项目“C:\Users\Administrator\Desktop\c++\好玩\贪吃蛇\贪吃蛇\贪吃蛇.vcxproj”(build 个目标)的操作。

生成成功。

已用时间 00:00:04.86
