Build started 4/12/2018 1:34:30 PM.
     1>Project "C:\Users\Administrator\Desktop\c++\作业\出题\出题\出题.vcxproj" on node 2 (build target(s)).
     1>InitializeBuildStatus:
         Touching "Debug\出题.unsuccessfulbuild".
       ClCompile:
         All outputs are up-to-date.
       ManifestResourceCompile:
         All outputs are up-to-date.
       Link:
         F:\c++\VC\bin\link.exe /ERRORREPORT:PROMPT /OUT:"C:\Users\Administrator\Desktop\c++\作业\出题\Debug\出题.exe" /INCREMENTAL /NOLOGO kernel32.lib user32.lib gdi32.lib winspool.lib comdlg32.lib advapi32.lib shell32.lib ole32.lib oleaut32.lib uuid.lib odbc32.lib odbccp32.lib /MANIFEST /ManifestFile:"Debug\出题.exe.intermediate.manifest" /MANIFESTUAC:"level='asInvoker' uiAccess='false'" /DEBUG /PDB:"C:\Users\Administrator\Desktop\c++\作业\出题\Debug\出题.pdb" /SUBSYSTEM:CONSOLE /TLBID:1 /DYNAMICBASE /NXCOMPAT /IMPLIB:"C:\Users\Administrator\Desktop\c++\作业\出题\Debug\出题.lib" /MACHINE:X86 "Debug\出题.exe.embed.manifest.res"
         Debug\chuti.obj
       Manifest:
         C:\Program Files (x86)\Microsoft SDKs\Windows\v7.0A\bin\mt.exe /nologo /verbose /out:"Debug\出题.exe.embed.manifest" /manifest "Debug\出题.exe.intermediate.manifest"
         All outputs are up-to-date.
       LinkEmbedManifest:
         All outputs are up-to-date.
         出题.vcxproj -> C:\Users\Administrator\Desktop\c++\作业\出题\Debug\出题.exe
       FinalizeBuildStatus:
         Deleting file "Debug\出题.unsuccessfulbuild".
         Touching "Debug\出题.lastbuildstate".
     1>Done Building Project "C:\Users\Administrator\Desktop\c++\作业\出题\出题\出题.vcxproj" (build target(s)).

Build succeeded.

Time Elapsed 00:00:00.46
