Build started 2018/4/20 12:39:01.
     1>Project "C:\Users\Administrator\Desktop\c++\作业\1~100之和\1~100之和\1~100之和.vcxproj" on node 2 (build target(s)).
     1>InitializeBuildStatus:
         Creating "Debug\1~100之和.unsuccessfulbuild" because "AlwaysCreate" was specified.
       ClCompile:
         F:\c++\VC\bin\CL.exe /c /ZI /nologo /W3 /WX- /Od /Oy- /D WIN32 /D _DEBUG /D _CONSOLE /D _UNICODE /D UNICODE /Gm /EHsc /RTC1 /MDd /GS /fp:precise /Zc:wchar_t /Zc:forScope /Fo"Debug\\" /Fd"Debug\vc100.pdb" /Gd /TC /analyze- /errorReport:prompt while.c
         while.c
       ManifestResourceCompile:
         All outputs are up-to-date.
       Link:
         F:\c++\VC\bin\link.exe /ERRORREPORT:PROMPT /OUT:"C:\Users\Administrator\Desktop\c++\作业\1~100之和\Debug\1~100之和.exe" /INCREMENTAL /NOLOGO kernel32.lib user32.lib gdi32.lib winspool.lib comdlg32.lib advapi32.lib shell32.lib ole32.lib oleaut32.lib uuid.lib odbc32.lib odbccp32.lib /MANIFEST /ManifestFile:"Debug\1~100之和.exe.intermediate.manifest" /MANIFESTUAC:"level='asInvoker' uiAccess='false'" /DEBUG /PDB:"C:\Users\Administrator\Desktop\c++\作业\1~100之和\Debug\1~100之和.pdb" /SUBSYSTEM:CONSOLE /TLBID:1 /DYNAMICBASE /NXCOMPAT /IMPLIB:"C:\Users\Administrator\Desktop\c++\作业\1~100之和\Debug\1~100之和.lib" /MACHINE:X86 "Debug\1~100之和.exe.embed.manifest.res"
         Debug\while.obj
       Manifest:
         C:\Program Files (x86)\Microsoft SDKs\Windows\v7.0A\bin\mt.exe /nologo /verbose /out:"Debug\1~100之和.exe.embed.manifest" /manifest "Debug\1~100之和.exe.intermediate.manifest"
         All outputs are up-to-date.
       LinkEmbedManifest:
         All outputs are up-to-date.
         1~100之和.vcxproj -> C:\Users\Administrator\Desktop\c++\作业\1~100之和\Debug\1~100之和.exe
       FinalizeBuildStatus:
         Deleting file "Debug\1~100之和.unsuccessfulbuild".
         Touching "Debug\1~100之和.lastbuildstate".
     1>Done Building Project "C:\Users\Administrator\Desktop\c++\作业\1~100之和\1~100之和\1~100之和.vcxproj" (build target(s)).

Build succeeded.

Time Elapsed 00:00:00.77
