生成启动时间为 2018/5/4 12:33:13。
     1>项目“C:\Users\Administrator\Desktop\c++\作业\米\for\for输出米\for输出米\for输出米.vcxproj”在节点 2 上(build 个目标)。
     1>InitializeBuildStatus:
         正在创建“Debug\for输出米.unsuccessfulbuild”，因为已指定“AlwaysCreate”。
       ClCompile:
         F:\c++\VC\bin\CL.exe /c /ZI /nologo /W3 /WX- /Od /Oy- /D WIN32 /D _DEBUG /D _CONSOLE /D _UNICODE /D UNICODE /Gm /EHsc /RTC1 /MDd /GS /fp:precise /Zc:wchar_t /Zc:forScope /Fo"Debug\\" /Fd"Debug\vc100.pdb" /Gd /TC /analyze- /errorReport:prompt "for 输出米.c"
         for 输出米.c
       ManifestResourceCompile:
         所有输出均为最新。
       Link:
         F:\c++\VC\bin\link.exe /ERRORREPORT:PROMPT /OUT:"C:\Users\Administrator\Desktop\c++\作业\米\for\for输出米\Debug\for输出米.exe" /INCREMENTAL /NOLOGO kernel32.lib user32.lib gdi32.lib winspool.lib comdlg32.lib advapi32.lib shell32.lib ole32.lib oleaut32.lib uuid.lib odbc32.lib odbccp32.lib /MANIFEST /ManifestFile:"Debug\for输出米.exe.intermediate.manifest" /MANIFESTUAC:"level='asInvoker' uiAccess='false'" /DEBUG /PDB:"C:\Users\Administrator\Desktop\c++\作业\米\for\for输出米\Debug\for输出米.pdb" /SUBSYSTEM:CONSOLE /TLBID:1 /DYNAMICBASE /NXCOMPAT /IMPLIB:"C:\Users\Administrator\Desktop\c++\作业\米\for\for输出米\Debug\for输出米.lib" /MACHINE:X86 "Debug\for输出米.exe.embed.manifest.res"
         "Debug\for 输出米.obj"
       Manifest:
         c:\Program Files (x86)\Microsoft SDKs\Windows\v7.0A\bin\mt.exe /nologo /verbose /out:"Debug\for输出米.exe.embed.manifest" /manifest "Debug\for输出米.exe.intermediate.manifest"
         所有输出均为最新。
       LinkEmbedManifest:
         所有输出均为最新。
         for输出米.vcxproj -> C:\Users\Administrator\Desktop\c++\作业\米\for\for输出米\Debug\for输出米.exe
       FinalizeBuildStatus:
         正在删除文件“Debug\for输出米.unsuccessfulbuild”。
         正在对“Debug\for输出米.lastbuildstate”执行 Touch 任务。
     1>已完成生成项目“C:\Users\Administrator\Desktop\c++\作业\米\for\for输出米\for输出米\for输出米.vcxproj”(build 个目标)的操作。

生成成功。

已用时间 00:00:00.42
