生成启动时间为 2018/4/22 11:23:35。
     1>项目“C:\Users\Administrator\Desktop\c++\好玩\五角星\五角星\五角星.vcxproj”在节点 2 上(build 个目标)。
     1>PrepareForBuild:
         正在创建目录“C:\Users\Administrator\Desktop\c++\好玩\五角星\Debug\”。
       InitializeBuildStatus:
         正在创建“Debug\五角星.unsuccessfulbuild”，因为已指定“AlwaysCreate”。
       ClCompile:
         F:\c++\VC\bin\CL.exe /c /ZI /nologo /W3 /WX- /Od /Oy- /D WIN32 /D _DEBUG /D _CONSOLE /D _UNICODE /D UNICODE /Gm /EHsc /RTC1 /MDd /GS /fp:precise /Zc:wchar_t /Zc:forScope /Fo"Debug\\" /Fd"Debug\vc100.pdb" /Gd /TC /analyze- /errorReport:prompt "五角星.c"
         五角星.c
     1>c:\users\administrator\desktop\c++\好玩\五角星\五角星\五角星.c(43): warning C4789: 内存复制的目标太小
     1>c:\users\administrator\desktop\c++\好玩\五角星\五角星\五角星.c(43): warning C4789: 内存复制的目标太小
       ManifestResourceCompile:
         c:\Program Files (x86)\Microsoft SDKs\Windows\v7.0A\bin\rc.exe /nologo /fo"Debug\五角星.exe.embed.manifest.res" "Debug\五角星_manifest.rc" 
       Link:
         F:\c++\VC\bin\link.exe /ERRORREPORT:PROMPT /OUT:"C:\Users\Administrator\Desktop\c++\好玩\五角星\Debug\五角星.exe" /INCREMENTAL /NOLOGO kernel32.lib user32.lib gdi32.lib winspool.lib comdlg32.lib advapi32.lib shell32.lib ole32.lib oleaut32.lib uuid.lib odbc32.lib odbccp32.lib /MANIFEST /ManifestFile:"Debug\五角星.exe.intermediate.manifest" /MANIFESTUAC:"level='asInvoker' uiAccess='false'" /DEBUG /PDB:"C:\Users\Administrator\Desktop\c++\好玩\五角星\Debug\五角星.pdb" /SUBSYSTEM:CONSOLE /TLBID:1 /DYNAMICBASE /NXCOMPAT /IMPLIB:"C:\Users\Administrator\Desktop\c++\好玩\五角星\Debug\五角星.lib" /MACHINE:X86 "Debug\五角星.exe.embed.manifest.res"
         "Debug\五角星.obj"
       Manifest:
         c:\Program Files (x86)\Microsoft SDKs\Windows\v7.0A\bin\mt.exe /nologo /verbose /out:"Debug\五角星.exe.embed.manifest" /manifest "Debug\五角星.exe.intermediate.manifest"
         c:\Program Files (x86)\Microsoft SDKs\Windows\v7.0A\bin\rc.exe /nologo /fo"Debug\五角星.exe.embed.manifest.res" "Debug\五角星_manifest.rc" 
       LinkEmbedManifest:
         F:\c++\VC\bin\link.exe /ERRORREPORT:PROMPT /OUT:"C:\Users\Administrator\Desktop\c++\好玩\五角星\Debug\五角星.exe" /INCREMENTAL /NOLOGO kernel32.lib user32.lib gdi32.lib winspool.lib comdlg32.lib advapi32.lib shell32.lib ole32.lib oleaut32.lib uuid.lib odbc32.lib odbccp32.lib /MANIFEST /ManifestFile:"Debug\五角星.exe.intermediate.manifest" /MANIFESTUAC:"level='asInvoker' uiAccess='false'" /DEBUG /PDB:"C:\Users\Administrator\Desktop\c++\好玩\五角星\Debug\五角星.pdb" /SUBSYSTEM:CONSOLE /TLBID:1 /DYNAMICBASE /NXCOMPAT /IMPLIB:"C:\Users\Administrator\Desktop\c++\好玩\五角星\Debug\五角星.lib" /MACHINE:X86 "Debug\五角星.exe.embed.manifest.res"
         "Debug\五角星.obj"
         五角星.vcxproj -> C:\Users\Administrator\Desktop\c++\好玩\五角星\Debug\五角星.exe
       FinalizeBuildStatus:
         正在删除文件“Debug\五角星.unsuccessfulbuild”。
         正在对“Debug\五角星.lastbuildstate”执行 Touch 任务。
     1>已完成生成项目“C:\Users\Administrator\Desktop\c++\好玩\五角星\五角星\五角星.vcxproj”(build 个目标)的操作。

生成成功。

已用时间 00:00:00.95
